<?xml version="1.0" encoding="UTF-8"?>
<!-- Generated by org.testng.reporters.JUnitReportReporter -->
<testsuite hostname="RAM" failures="0" tests="2" name="com.tutorialsNinja.qa.testcases.SearchPageTest" time="6.802" errors="0" timestamp="2024-07-18T20:28:29 IST" skipped="0">
  <testcase classname="com.tutorialsNinja.qa.testcases.SearchPageTest" name="searchWithValidProduct" time="3.415"/>
  <testcase classname="com.tutorialsNinja.qa.testcases.SearchPageTest" name="searchWithInValidProduct" time="3.387"/>
</testsuite> <!-- com.tutorialsNinja.qa.testcases.SearchPageTest -->
