<?xml version="1.0" encoding="UTF-8"?>
<!-- Generated by org.testng.reporters.JUnitReportReporter -->
<testsuite hostname="RAM" failures="0" tests="2" name="com.tutorialsNinja.qa.testcases.RegisterPageTest" time="10.550" errors="0" timestamp="2024-07-18T20:28:29 IST" skipped="0">
  <testcase classname="com.tutorialsNinja.qa.testcases.RegisterPageTest" name="registerTheDetails" time="6.192"/>
  <testcase classname="com.tutorialsNinja.qa.testcases.RegisterPageTest" name="registerWithOutFillingDetails" time="4.358"/>
</testsuite> <!-- com.tutorialsNinja.qa.testcases.RegisterPageTest -->
