<?xml version="1.0" encoding="UTF-8"?>
<!-- Generated by org.testng.reporters.JUnitReportReporter -->
<testsuite hostname="RAM" failures="0" tests="2" name="com.tutorialsNinja.qa.testcases.RegisterPageTest" time="9.604" errors="0" timestamp="2024-07-17T21:29:37 IST" skipped="0">
  <testcase classname="com.tutorialsNinja.qa.testcases.RegisterPageTest" name="registerTheDetails" time="4.978"/>
  <testcase classname="com.tutorialsNinja.qa.testcases.RegisterPageTest" name="registerWithOutFillingDetails" time="4.626"/>
</testsuite> <!-- com.tutorialsNinja.qa.testcases.RegisterPageTest -->
