<?xml version="1.0" encoding="UTF-8"?>
<!-- Generated by org.testng.reporters.JUnitReportReporter -->
<testsuite hostname="RAM" failures="0" tests="4" name="com.tutorialsNinja.qa.testcases.LoginPageTest" time="16.716" errors="0" timestamp="2024-07-18T20:28:29 IST" skipped="0">
  <testcase classname="com.tutorialsNinja.qa.testcases.LoginPageTest" name="verifyLoginWithValidCredentials" time="4.328"/>
  <testcase classname="com.tutorialsNinja.qa.testcases.LoginPageTest" name="verifyLoginWithValidCredentials" time="3.983"/>
  <testcase classname="com.tutorialsNinja.qa.testcases.LoginPageTest" name="verifyLoginWithValidCredentials" time="4.603"/>
  <testcase classname="com.tutorialsNinja.qa.testcases.LoginPageTest" name="verifyLoginWithInvalidCredentials" time="3.802"/>
</testsuite> <!-- com.tutorialsNinja.qa.testcases.LoginPageTest -->
