<?xml version="1.0" encoding="UTF-8"?>
<!-- Generated by org.testng.reporters.JUnitReportReporter -->
<testsuite hostname="RAM" failures="0" tests="4" name="com.tutorialsNinja.qa.testcases.LoginPageTest" time="17.401" errors="0" timestamp="2024-07-17T21:29:37 IST" skipped="0">
  <testcase classname="com.tutorialsNinja.qa.testcases.LoginPageTest" name="verifyLoginWithValidCredentials" time="4.126"/>
  <testcase classname="com.tutorialsNinja.qa.testcases.LoginPageTest" name="verifyLoginWithValidCredentials" time="4.119"/>
  <testcase classname="com.tutorialsNinja.qa.testcases.LoginPageTest" name="verifyLoginWithValidCredentials" time="4.005"/>
  <testcase classname="com.tutorialsNinja.qa.testcases.LoginPageTest" name="verifyLoginWithInvalidCredentials" time="5.151"/>
</testsuite> <!-- com.tutorialsNinja.qa.testcases.LoginPageTest -->
